<?xml version="1.0" encoding="UTF-8"?>
<testng-results ignored="0" total="1" passed="1" failed="0" skipped="0">
  <reporter-output>
  </reporter-output>
  <suite started-at="2024-07-08T13:44:52 IST" name="Default suite" finished-at="2024-07-08T13:45:00 IST" duration-ms="8407">
    <groups>
    </groups>
    <test started-at="2024-07-08T13:44:52 IST" name="Default test" finished-at="2024-07-08T13:45:00 IST" duration-ms="8407">
      <class name="FirstAndriodMobileproject.Saucelab">
        <test-method is-config="true" signature="setUp()[pri:0, instance:FirstAndriodMobileproject.Saucelab@76c3e77a]" started-at="2024-07-08T13:44:52 IST" name="setUp" finished-at="2024-07-08T13:44:58 IST" duration-ms="5627" status="PASS">
          <reporter-output>
          </reporter-output>
        </test-method> <!-- setUp -->
        <test-method signature="launch_url()[pri:0, instance:FirstAndriodMobileproject.Saucelab@76c3e77a]" started-at="2024-07-08T13:44:58 IST" name="launch_url" finished-at="2024-07-08T13:45:00 IST" duration-ms="2758" status="PASS">
          <reporter-output>
          </reporter-output>
        </test-method> <!-- launch_url -->
      </class> <!-- FirstAndriodMobileproject.Saucelab -->
    </test> <!-- Default test -->
  </suite> <!-- Default suite -->
</testng-results>
